[1/11] cl /c /Zc:__cplusplus /Zp8 /GR /W3 /EHs /nologo /MD /D_CRT_SECURE_NO_DEPRECATE /D_SCL_SECURE_NO_DEPRECATE /D_SECURE_SCL=0   /DMATLAB_MEX_FILE  /DMATLAB_MEX_FILE /O2 /Oy- /DNDEBUG /fp:strict /utf-8 /I "." /I "E:\WXC\WM\mat" /I ".\interface" /I "E:\Program Files\MATLAB\R2024b\extern\include" /I "." -DMODEL=diffu_mex   diffu_data.c /Fobuild\win64\diffu_data.obj
diffu_data.c
[2/11] cl /c /Zc:__cplusplus /Zp8 /GR /W3 /EHs /nologo /MD /D_CRT_SECURE_NO_DEPRECATE /D_SCL_SECURE_NO_DEPRECATE /D_SECURE_SCL=0   /DMATLAB_MEX_FILE  /DMATLAB_MEX_FILE /O2 /Oy- /DNDEBUG /fp:strict /utf-8 /I "." /I "E:\WXC\WM\mat" /I ".\interface" /I "E:\Program Files\MATLAB\R2024b\extern\include" /I "." -DMODEL=diffu_mex   "E:\Program Files\MATLAB\R2024b\extern\version\c_mexapi_version.c" /Fobuild\win64\c_mexapi_version.obj
c_mexapi_version.c
[3/11] cl /c /Zc:__cplusplus /Zp8 /GR /W3 /EHs /nologo /MD /D_CRT_SECURE_NO_DEPRECATE /D_SCL_SECURE_NO_DEPRECATE /D_SECURE_SCL=0   /DMATLAB_MEX_FILE  /DMATLAB_MEX_FILE /O2 /Oy- /DNDEBUG /fp:strict /utf-8 /I "." /I "E:\WXC\WM\mat" /I ".\interface" /I "E:\Program Files\MATLAB\R2024b\extern\include" /I "." -DMODEL=diffu_mex   mtimes.c /Fobuild\win64\mtimes.obj
mtimes.c
[4/11] cl /c /Zc:__cplusplus /Zp8 /GR /W3 /EHs /nologo /MD /D_CRT_SECURE_NO_DEPRECATE /D_SCL_SECURE_NO_DEPRECATE /D_SECURE_SCL=0   /DMATLAB_MEX_FILE  /DMATLAB_MEX_FILE /O2 /Oy- /DNDEBUG /fp:strict /utf-8 /I "." /I "E:\WXC\WM\mat" /I ".\interface" /I "E:\Program Files\MATLAB\R2024b\extern\include" /I "." -DMODEL=diffu_mex   rt_nonfinite.c /Fobuild\win64\rt_nonfinite.obj
rt_nonfinite.c
[5/11] cl /c /Zc:__cplusplus /Zp8 /GR /W3 /EHs /nologo /MD /D_CRT_SECURE_NO_DEPRECATE /D_SCL_SECURE_NO_DEPRECATE /D_SECURE_SCL=0   /DMATLAB_MEX_FILE  /DMATLAB_MEX_FILE /O2 /Oy- /DNDEBUG /fp:strict /utf-8 /I "." /I "E:\WXC\WM\mat" /I ".\interface" /I "E:\Program Files\MATLAB\R2024b\extern\include" /I "." -DMODEL=diffu_mex   interface\_coder_diffu_mex.c /Fobuild\win64\_coder_diffu_mex.obj
_coder_diffu_mex.c
[6/11] cl /c /Zc:__cplusplus /Zp8 /GR /W3 /EHs /nologo /MD /D_CRT_SECURE_NO_DEPRECATE /D_SCL_SECURE_NO_DEPRECATE /D_SECURE_SCL=0   /DMATLAB_MEX_FILE  /DMATLAB_MEX_FILE /O2 /Oy- /DNDEBUG /fp:strict /utf-8 /I "." /I "E:\WXC\WM\mat" /I ".\interface" /I "E:\Program Files\MATLAB\R2024b\extern\include" /I "." -DMODEL=diffu_mex   diffu_terminate.c /Fobuild\win64\diffu_terminate.obj
diffu_terminate.c
[7/11] cl /c /Zc:__cplusplus /Zp8 /GR /W3 /EHs /nologo /MD /D_CRT_SECURE_NO_DEPRECATE /D_SCL_SECURE_NO_DEPRECATE /D_SECURE_SCL=0   /DMATLAB_MEX_FILE  /DMATLAB_MEX_FILE /O2 /Oy- /DNDEBUG /fp:strict /utf-8 /I "." /I "E:\WXC\WM\mat" /I ".\interface" /I "E:\Program Files\MATLAB\R2024b\extern\include" /I "." -DMODEL=diffu_mex   diffu_initialize.c /Fobuild\win64\diffu_initialize.obj
diffu_initialize.c
[8/11] cl /c /Zc:__cplusplus /Zp8 /GR /W3 /EHs /nologo /MD /D_CRT_SECURE_NO_DEPRECATE /D_SCL_SECURE_NO_DEPRECATE /D_SECURE_SCL=0   /DMATLAB_MEX_FILE  /DMATLAB_MEX_FILE /O2 /Oy- /DNDEBUG /fp:strict /utf-8 /I "." /I "E:\WXC\WM\mat" /I ".\interface" /I "E:\Program Files\MATLAB\R2024b\extern\include" /I "." -DMODEL=diffu_mex   interface\_coder_diffu_info.c /Fobuild\win64\_coder_diffu_info.obj
_coder_diffu_info.c
[9/11] cl /c /Zc:__cplusplus /Zp8 /GR /W3 /EHs /nologo /MD /D_CRT_SECURE_NO_DEPRECATE /D_SCL_SECURE_NO_DEPRECATE /D_SECURE_SCL=0   /DMATLAB_MEX_FILE  /DMATLAB_MEX_FILE /O2 /Oy- /DNDEBUG /fp:strict /utf-8 /I "." /I "E:\WXC\WM\mat" /I ".\interface" /I "E:\Program Files\MATLAB\R2024b\extern\include" /I "." -DMODEL=diffu_mex   interface\_coder_diffu_api.c /Fobuild\win64\_coder_diffu_api.obj
_coder_diffu_api.c
[10/11] cl /c /Zc:__cplusplus /Zp8 /GR /W3 /EHs /nologo /MD /D_CRT_SECURE_NO_DEPRECATE /D_SCL_SECURE_NO_DEPRECATE /D_SECURE_SCL=0   /DMATLAB_MEX_FILE  /DMATLAB_MEX_FILE /O2 /Oy- /DNDEBUG /fp:strict /utf-8 /I "." /I "E:\WXC\WM\mat" /I ".\interface" /I "E:\Program Files\MATLAB\R2024b\extern\include" /I "." -DMODEL=diffu_mex   diffu.c /Fobuild\win64\diffu.obj
diffu.c
[11/11] link @diffu_mex.mexw64.rsp  /nologo    /DLL /LIBPATH:"E:\Program Files\MATLAB\R2024b\extern\lib\win64\microsoft" libmx.lib libmex.lib libmat.lib kernel32.lib user32.lib gdi32.lib winspool.lib comdlg32.lib advapi32.lib shell32.lib ole32.lib oleaut32.lib uuid.lib odbc32.lib odbccp32.lib  /out:"diffu_mex.mexw64" /LIBPATH:"E:\Program Files\MATLAB\R2024b\extern\lib\win64\microsoft" libmwblas.lib libemlrt.lib libcovrt.lib libut.lib libmwmathutil.lib  /export:mexFunction /export:mexfilerequiredapiversion /export:emlrtMexFcnProperties /export:diffu /export:diffu_initialize /export:diffu_terminate /export:diffu_atexit
  正在创建库 diffu_mex.lib 和对象 diffu_mex.exp
